\BOOKMARK [1][-]{section.1}{Introduction}{}
\BOOKMARK [2][-]{subsection.1.1}{Secure Deletion}{section.1}
\BOOKMARK [2][-]{subsection.1.2}{Selectivity}{section.1}
\BOOKMARK [2][-]{subsection.1.3}{Automation and Self-Deletion}{section.1}
\BOOKMARK [1][-]{section.2}{Deletion Issues}{}
\BOOKMARK [2][-]{subsection.2.1}{Wiping Issues}{section.2}
\BOOKMARK [2][-]{subsection.2.2}{Automation and Self-Deletion Issues}{section.2}
\BOOKMARK [1][-]{section.3}{The Proposed Methodology}{}
\BOOKMARK [2][-]{subsection.3.1}{Unwanted Traces}{section.3}
\BOOKMARK [2][-]{subsection.3.2}{The Basic Case}{section.3}
\BOOKMARK [2][-]{subsection.3.3}{Wiping}{section.3}
\BOOKMARK [3][-]{subsubsection.3.3.1}{Naive Method}{subsection.3.3}
\BOOKMARK [3][-]{subsubsection.3.3.2}{Randomization Method}{subsection.3.3}
\BOOKMARK [3][-]{subsubsection.3.3.3}{Data Replication Method}{subsection.3.3}
\BOOKMARK [3][-]{subsubsection.3.3.4}{Code Mutation Method}{subsection.3.3}
\BOOKMARK [2][-]{subsection.3.4}{Automation and Self-Deletion}{section.3}
\BOOKMARK [2][-]{subsection.3.5}{Memory wiping}{section.3}
\BOOKMARK [2][-]{subsection.3.6}{Testing}{section.3}
\BOOKMARK [2][-]{subsection.3.7}{Deletion of complex data sets}{section.3}
\BOOKMARK [3][-]{subsubsection.3.7.1}{External Local Disk}{subsection.3.7}
\BOOKMARK [3][-]{subsubsection.3.7.2}{Remote Disk}{subsection.3.7}
\BOOKMARK [3][-]{subsubsection.3.7.3}{Virtualization}{subsection.3.7}
\BOOKMARK [3][-]{subsubsection.3.7.4}{Disk Encryption}{subsection.3.7}
\BOOKMARK [1][-]{section.4}{Case Study}{}
\BOOKMARK [2][-]{subsection.4.1}{Wiping}{section.4}
\BOOKMARK [2][-]{subsection.4.2}{Automation and Self-Deletion}{section.4}
\BOOKMARK [2][-]{subsection.4.3}{Precautions}{section.4}
\BOOKMARK [2][-]{subsection.4.4}{Testing and Performances}{section.4}
\BOOKMARK [1][-]{section*.2}{References}{}
